0 info it worked if it ends with ok
1 verbose cli [ '/usr/bin/nodejs', '/usr/bin/npm', 'start' ]
2 info using npm@3.3.12
3 info using node@v5.2.0
4 verbose run-script [ 'prestart', 'start', 'poststart' ]
5 info lifecycle PeiroShare@0.0.0~prestart: PeiroShare@0.0.0
6 silly lifecycle PeiroShare@0.0.0~prestart: no script for prestart, continuing
7 info lifecycle PeiroShare@0.0.0~start: PeiroShare@0.0.0
8 verbose lifecycle PeiroShare@0.0.0~start: unsafe-perm in lifecycle true
9 verbose lifecycle PeiroShare@0.0.0~start: PATH: /usr/lib/node_modules/npm/bin/node-gyp-bin:/home/xpeiro/Code/PeiroShare/node_modules/.bin:/usr/local/sbin:/usr/local/bin:/usr/sbin:/usr/bin:/sbin:/bin:/usr/games:/usr/local/games
10 verbose lifecycle PeiroShare@0.0.0~start: CWD: /home/xpeiro/Code/PeiroShare
11 silly lifecycle PeiroShare@0.0.0~start: Args: [ '-c', 'node ./bin/start' ]
12 silly lifecycle PeiroShare@0.0.0~start: Returned: code: 1  signal: null
13 info lifecycle PeiroShare@0.0.0~start: Failed to exec start script
14 verbose stack Error: PeiroShare@0.0.0 start: `node ./bin/start`
14 verbose stack Exit status 1
14 verbose stack     at EventEmitter.<anonymous> (/usr/lib/node_modules/npm/lib/utils/lifecycle.js:232:16)
14 verbose stack     at emitTwo (events.js:88:13)
14 verbose stack     at EventEmitter.emit (events.js:173:7)
14 verbose stack     at ChildProcess.<anonymous> (/usr/lib/node_modules/npm/lib/utils/spawn.js:24:14)
14 verbose stack     at emitTwo (events.js:88:13)
14 verbose stack     at ChildProcess.emit (events.js:173:7)
14 verbose stack     at maybeClose (internal/child_process.js:819:16)
14 verbose stack     at Process.ChildProcess._handle.onexit (internal/child_process.js:212:5)
15 verbose pkgid PeiroShare@0.0.0
16 verbose cwd /home/xpeiro/Code/PeiroShare
17 error Linux 3.16.0-38-generic
18 error argv "/usr/bin/nodejs" "/usr/bin/npm" "start"
19 error node v5.2.0
20 error npm  v3.3.12
21 error code ELIFECYCLE
22 error PeiroShare@0.0.0 start: `node ./bin/start`
22 error Exit status 1
23 error Failed at the PeiroShare@0.0.0 start script 'node ./bin/start'.
23 error Make sure you have the latest version of node.js and npm installed.
23 error If you do, this is most likely a problem with the PeiroShare package,
23 error not with npm itself.
23 error Tell the author that this fails on your system:
23 error     node ./bin/start
23 error You can get their info via:
23 error     npm owner ls PeiroShare
23 error There is likely additional logging output above.
24 verbose exit [ 1, true ]
